        -:    0:Source:Password.cpp
        -:    0:Graph:Password.gcno
        -:    0:Data:Password.gcda
        -:    0:Runs:1
        -:    1:#include "Password.h"
        -:    2:#include <string>
        -:    3:#include <cctype>
        -:    4:#include <vector>
        -:    5:
        -:    6:using std::string;
        -:    7:
        -:    8:/*
        -:    9:  The function receives a string counts how many times the same character 
        -:   10:  occurs at the beginning of the string, before any other characters (or the
        -:   11:  end of the string). The function is case-sensitive so 'Z' is different than
        -:   12:  'z' and any ASCII characters are allowed.
        -:   13:*/
function _ZN8Password24count_leading_charactersENSt7__cxx1112basic_stringIcSt11char_traitsIcESaIcEEE called 7 returned 100% blocks executed 100%
        7:   14:int Password::count_leading_characters(string phrase){
        7:   15:  int repetition = 0;
        7:   16:  if (phrase.length() == 0) {
call    0 returned 7
branch  1 taken 1 (fallthrough)
branch  2 taken 6
        1:   17:    return repetition;
        -:   18:  } else {
        6:   19:    repetition++;
        -:   20:  }
        6:   21:  int index = 0;
       14:   22:  while( index < phrase.length()-1 && phrase[index] == phrase[index+1] ){
call    0 returned 14
branch  1 taken 12 (fallthrough)
branch  2 taken 2
call    3 returned 12
call    4 returned 12
branch  5 taken 8 (fallthrough)
branch  6 taken 4
branch  7 taken 8
branch  8 taken 6 (fallthrough)
        8:   23:    repetition++;
        8:   24:    index++;
        -:   25:  }
        6:   26:  return repetition;
        -:   27:}
        -:   28:
        -:   29:
        -:   30:/*
        -:   31:  receives a string and returns whether it has both at least one upper-case
        -:   32:  letter and at least one lower-case letter
        -:   33:*/
function _ZN8Password14has_mixed_caseENSt7__cxx1112basic_stringIcSt11char_traitsIcESaIcEEE called 15 returned 100% blocks executed 100%
       15:   34:bool Password::has_mixed_case(string str)
        -:   35:{
       15:   36:  bool found = false;
      105:   37:  for(char c : str){
call    0 returned 15
call    1 returned 15
call    2 returned 93
call    3 returned 90
call    4 returned 105
branch  5 taken 93
branch  6 taken 12 (fallthrough)
       93:   38:    if( !found && c >= 'A' && c <= 'Z' ){
branch  0 taken 70 (fallthrough)
branch  1 taken 23
branch  2 taken 40 (fallthrough)
branch  3 taken 30
branch  4 taken 9 (fallthrough)
branch  5 taken 31
        9:   39:      found = true;
        -:   40:    }
       84:   41:    else if( found && c >= 'a' && c <= 'z'){
branch  0 taken 23 (fallthrough)
branch  1 taken 61
branch  2 taken 3 (fallthrough)
branch  3 taken 20
branch  4 taken 3 (fallthrough)
branch  5 taken 0
        3:   42:      return true;
        -:   43:    }
        -:   44:  }
       12:   45:  return false;
        -:   46:}
        -:   47:
function _ZN8Password17unique_charactersENSt7__cxx1112basic_stringIcSt11char_traitsIcESaIcEEE called 12 returned 100% blocks executed 92%
       12:   48:unsigned int Password::unique_characters(string str)
        -:   49:{
       12:   50:  unsigned int uniq_chars = 0;
       12:   51:  std::vector<char> letters;
call    0 returned 12
       82:   52:  for (int i = 0; i < str.length(); i++) {
call    0 returned 82
branch  1 taken 70
branch  2 taken 12 (fallthrough)
       70:   53:    if (isalpha(str[i])) {
call    0 returned 70
branch  1 taken 70 (fallthrough)
branch  2 taken 0 (throw)
branch  3 taken 45 (fallthrough)
branch  4 taken 25
       45:   54:      bool already_counted = false;
      128:   55:      for (int j = 0; j < letters.size(); j++) {
call    0 returned 128
branch  1 taken 83
branch  2 taken 45 (fallthrough)
       83:   56:        if (letters[j] == str[i]) {
call    0 returned 83
call    1 returned 83
branch  2 taken 83 (fallthrough)
branch  3 taken 0 (throw)
branch  4 taken 22 (fallthrough)
branch  5 taken 61
       22:   57:          already_counted = true;
        -:   58:        }
        -:   59:      }
       45:   60:      if (already_counted == false) {
branch  0 taken 23 (fallthrough)
branch  1 taken 22
       23:   61:        uniq_chars++;
       23:   62:        letters.push_back(str[i]);
call    0 returned 23
branch  1 taken 23 (fallthrough)
branch  2 taken 0 (throw)
call    3 returned 23
branch  4 taken 23 (fallthrough)
branch  5 taken 0 (throw)
        -:   63:      }
        -:   64:    }
        -:   65:  }
       12:   66:  return uniq_chars;
       12:   67:}
call    0 returned 12
call    1 never executed
